#
# There is insufficient memory for the Java Runtime Environment to continue.
# Native memory allocation (malloc) failed to allocate 32744 bytes for ChunkPool::allocate
# Possible reasons:
#   The system is out of physical RAM or swap space
#   The process is running with CompressedOops enabled, and the Java Heap may be blocking the growth of the native heap
# Possible solutions:
#   Reduce memory load on the system
#   Increase physical memory or swap space
#   Check if swap backing store is full
#   Decrease Java heap size (-Xmx/-Xms)
#   Decrease number of Java threads
#   Decrease Java thread stack sizes (-Xss)
#   Set larger code cache with -XX:ReservedCodeCacheSize=
#   JVM is running with Unscaled Compressed Oops mode in which the Java heap is
#     placed in the first 4GB address space. The Java Heap base address is the
#     maximum limit for the native heap growth. Please use -XX:HeapBaseMinAddress
#     to set the Java Heap base and to place the Java Heap above 4GB virtual address.
# This output file may be truncated or incomplete.
#
#  Out of Memory Error (./open/src/hotspot/share/memory/arena.cpp:81), pid=4944, tid=16724
#
# JRE version: Java(TM) SE Runtime Environment 18.9 (11.0.14+8) (build 11.0.14+8-LTS-263)
# Java VM: Java HotSpot(TM) 64-Bit Server VM 18.9 (11.0.14+8-LTS-263, mixed mode, tiered, compressed oops, g1 gc, windows-amd64)
# No core dump will be written. Minidumps are not enabled by default on client versions of Windows
#

---------------  S U M M A R Y ------------

Command Line: -ea -Dfile.encoding=Cp1252 org.testng.remote.RemoteTestNG -serport 65095 -protocol json -d D:\MiniProject\test-output C:\Users\Anas\AppData\Local\Temp\testng-eclipse-871285287\testng-customsuite.xml

Host: Intel(R) Core(TM) i3-6006U CPU @ 2.00GHz, 4 cores, 3G,  Windows 10 , 64 bit Build 19041 (10.0.19041.1889)
Time: Tue Sep 13 13:32:35 2022 India Standard Time elapsed time: 22.880049 seconds (0d 0h 0m 22s)

---------------  T H R E A D  ---------------

Current thread (0x0000021b5c195800):  JavaThread "C2 CompilerThread0" daemon [_thread_in_native, id=16724, stack(0x0000003bd7400000,0x0000003bd7500000)]


Current CompileTask:
C2:  22880 2007       4       java.util.jar.JarFile::maybeInstantiateVerifier (112 bytes)

Stack: [0x0000003bd7400000,0x0000003bd7500000]
Native frames: (J=compiled Java code, j=interpreted, Vv=VM code, C=native code)
V  [jvm.dll+0x6296da]
V  [jvm.dll+0x76323f]
V  [jvm.dll+0x7648e9]
V  [jvm.dll+0x764f73]
V  [jvm.dll+0x23d7c8]
V  [jvm.dll+0xb2bdb]
V  [jvm.dll+0xb2f3c]
V  [jvm.dll+0xc0eaa]
V  [jvm.dll+0x52f74b]
V  [jvm.dll+0x52d9a0]
V  [jvm.dll+0x52e21f]
V  [jvm.dll+0x52d79e]
V  [jvm.dll+0x53d5d1]
V  [jvm.dll+0x20069d]
V  [jvm.dll+0x1fa44a]
V  [jvm.dll+0x1f742d]
V  [jvm.dll+0x177b21]
V  [jvm.dll+0x206e26]
V  [jvm.dll+0x204fbb]
V  [jvm.dll+0x729170]
V  [jvm.dll+0x721d44]
V  [jvm.dll+0x6285d6]
C  [ucrtbase.dll+0x21bb2]
C  [KERNEL32.DLL+0x17034]
C  [ntdll.dll+0x52651]


---------------  P R O C E S S  ---------------

Threads class SMR info:
_java_thread_list=0x0000021b5e3d38e0, length=21, elements={
0x0000021b41130000, 0x0000021b5c13b800, 0x0000021b5c169000, 0x0000021b5c178000,
0x0000021b5c17c000, 0x0000021b5c184800, 0x0000021b5c195800, 0x0000021b5c18b800,
0x0000021b5cb04000, 0x0000021b5cb0a000, 0x0000021b5cb08800, 0x0000021b5cb09000,
0x0000021b5cb06000, 0x0000021b5cb0a800, 0x0000021b5cb05000, 0x0000021b5cb06800,
0x0000021b5cb07800, 0x0000021b5dd70000, 0x0000021b5dd71800, 0x0000021b5dd73800,
0x0000021b5dd75800
}

Java Threads: ( => current thread )
  0x0000021b41130000 JavaThread "Forwarding newSession on session null to remote" [_thread_in_vm, id=15700, stack(0x0000003bd6800000,0x0000003bd6900000)]
  0x0000021b5c13b800 JavaThread "Reference Handler" daemon [_thread_blocked, id=13168, stack(0x0000003bd6f00000,0x0000003bd7000000)]
  0x0000021b5c169000 JavaThread "Finalizer" daemon [_thread_blocked, id=11700, stack(0x0000003bd7000000,0x0000003bd7100000)]
  0x0000021b5c178000 JavaThread "Signal Dispatcher" daemon [_thread_blocked, id=8208, stack(0x0000003bd7100000,0x0000003bd7200000)]
  0x0000021b5c17c000 JavaThread "Attach Listener" daemon [_thread_blocked, id=23980, stack(0x0000003bd7200000,0x0000003bd7300000)]
  0x0000021b5c184800 JavaThread "Service Thread" daemon [_thread_blocked, id=20368, stack(0x0000003bd7300000,0x0000003bd7400000)]
=>0x0000021b5c195800 JavaThread "C2 CompilerThread0" daemon [_thread_in_native, id=16724, stack(0x0000003bd7400000,0x0000003bd7500000)]
  0x0000021b5c18b800 JavaThread "C1 CompilerThread0" daemon [_thread_blocked, id=23116, stack(0x0000003bd7500000,0x0000003bd7600000)]
  0x0000021b5cb04000 JavaThread "Sweeper thread" daemon [_thread_blocked, id=15308, stack(0x0000003bd7600000,0x0000003bd7700000)]
  0x0000021b5cb0a000 JavaThread "Common-Cleaner" daemon [_thread_blocked, id=5416, stack(0x0000003bd7800000,0x0000003bd7900000)]
  0x0000021b5cb08800 JavaThread "ReaderThread" [_thread_in_native, id=5192, stack(0x0000003bd7a00000,0x0000003bd7b00000)]
  0x0000021b5cb09000 JavaThread "ForkJoinPool.commonPool-worker-3" daemon [_thread_blocked, id=19720, stack(0x0000003bd7e00000,0x0000003bd7f00000)]
  0x0000021b5cb06000 JavaThread "AsyncHttpClient-1-1" daemon [_thread_blocked, id=15952, stack(0x0000003bd7f00000,0x0000003bd8000000)]
  0x0000021b5cb0a800 JavaThread "Exec Default Executor" daemon [_thread_in_native, id=21996, stack(0x0000003bd8000000,0x0000003bd8100000)]
  0x0000021b5cb05000 JavaThread "Driver Service Executor" daemon [_thread_blocked, id=24152, stack(0x0000003bd8100000,0x0000003bd8200000)]
  0x0000021b5cb06800 JavaThread "Driver Service Executor" daemon [_thread_blocked, id=19300, stack(0x0000003bd8200000,0x0000003bd8300000)]
  0x0000021b5cb07800 JavaThread "Exec Stream Pumper" daemon [_thread_in_native, id=7564, stack(0x0000003bd8300000,0x0000003bd8400000)]
  0x0000021b5dd70000 JavaThread "Exec Stream Pumper" daemon [_thread_in_native, id=7192, stack(0x0000003bd8400000,0x0000003bd8500000)]
  0x0000021b5dd71800 JavaThread "ForkJoinPool.commonPool-worker-5" daemon [_thread_blocked, id=9612, stack(0x0000003bd8500000,0x0000003bd8600000)]
  0x0000021b5dd73800 JavaThread "ForkJoinPool.commonPool-worker-7" daemon [_thread_blocked, id=11944, stack(0x0000003bd8600000,0x0000003bd8700000)]
  0x0000021b5dd75800 JavaThread "AsyncHttpClient-1-2" daemon [_thread_in_native, id=2112, stack(0x0000003bd8700000,0x0000003bd8800000)]

Other Threads:
  0x0000021b5c137800 VMThread "VM Thread" [stack: 0x0000003bd6e00000,0x0000003bd6f00000] [id=14928]
  0x0000021b5cc66000 WatcherThread [stack: 0x0000003bd7700000,0x0000003bd7800000] [id=2908]
  0x0000021b41148000 GCTaskThread "GC Thread#0" [stack: 0x0000003bd6900000,0x0000003bd6a00000] [id=9468]
  0x0000021b5d642800 GCTaskThread "GC Thread#1" [stack: 0x0000003bd7b00000,0x0000003bd7c00000] [id=11044]
  0x0000021b5d6fe000 GCTaskThread "GC Thread#2" [stack: 0x0000003bd7c00000,0x0000003bd7d00000] [id=15792]
  0x0000021b5d6fe800 GCTaskThread "GC Thread#3" [stack: 0x0000003bd7d00000,0x0000003bd7e00000] [id=5268]
  0x0000021b41162000 ConcurrentGCThread "G1 Main Marker" [stack: 0x0000003bd6a00000,0x0000003bd6b00000] [id=11984]
  0x0000021b41164800 ConcurrentGCThread "G1 Conc#0" [stack: 0x0000003bd6b00000,0x0000003bd6c00000] [id=24496]
  0x0000021b411e4800 ConcurrentGCThread "G1 Refine#0" [stack: 0x0000003bd6c00000,0x0000003bd6d00000] [id=21972]
  0x0000021b411e6800 ConcurrentGCThread "G1 Young RemSet Sampling" [stack: 0x0000003bd6d00000,0x0000003bd6e00000] [id=23876]

Threads with active compile tasks:
C2 CompilerThread0  22979 2007       4       java.util.jar.JarFile::maybeInstantiateVerifier (112 bytes)

VM state:not at safepoint (normal execution)

VM Mutex/Monitor currently owned by a thread: None

Heap address: 0x00000000c2000000, size: 992 MB, Compressed Oops mode: 32-bit
Narrow klass base: 0x0000000000000000, Narrow klass shift: 3
Compressed class space size: 1073741824 Address: 0x0000000100000000

Heap:
 garbage-first heap   total 63488K, used 16526K [0x00000000c2000000, 0x0000000100000000)
  region size 1024K, 7 young (7168K), 3 survivors (3072K)
 Metaspace       used 27803K, capacity 28791K, committed 29052K, reserved 1075200K
  class space    used 3298K, capacity 3708K, committed 3760K, reserved 1048576K
Heap Regions: E=young(eden), S=young(survivor), O=old, HS=humongous(starts), HC=humongous(continues), CS=collection set, F=free, A=archive, TAMS=top-at-mark-start (previous, next)
|   0|0x00000000c2000000, 0x00000000c2100000, 0x00000000c2100000|100%| O|  |TAMS 0x00000000c2100000, 0x00000000c2000000| Untracked 
|   1|0x00000000c2100000, 0x00000000c2200000, 0x00000000c2200000|100%| O|  |TAMS 0x00000000c2200000, 0x00000000c2100000| Untracked 
|   2|0x00000000c2200000, 0x00000000c2300000, 0x00000000c2300000|100%| O|  |TAMS 0x00000000c2300000, 0x00000000c2200000| Untracked 
|   3|0x00000000c2300000, 0x00000000c2400000, 0x00000000c2400000|100%| O|  |TAMS 0x00000000c231f200, 0x00000000c2300000| Untracked 
|   4|0x00000000c2400000, 0x00000000c2500000, 0x00000000c2500000|100%| O|  |TAMS 0x00000000c2400000, 0x00000000c2400000| Untracked 
|   5|0x00000000c2500000, 0x00000000c2523a00, 0x00000000c2600000| 13%| O|  |TAMS 0x00000000c2500000, 0x00000000c2500000| Untracked 
|   6|0x00000000c2600000, 0x00000000c2700000, 0x00000000c2700000|100%|HS|  |TAMS 0x00000000c2600000, 0x00000000c2600000| Complete 
|   7|0x00000000c2700000, 0x00000000c2800000, 0x00000000c2800000|100%|HC|  |TAMS 0x00000000c2700000, 0x00000000c2700000| Complete 
|   8|0x00000000c2800000, 0x00000000c2900000, 0x00000000c2900000|100%|HC|  |TAMS 0x00000000c2800000, 0x00000000c2800000| Complete 
|   9|0x00000000c2900000, 0x00000000c2a00000, 0x00000000c2a00000|100%|HC|  |TAMS 0x00000000c2900000, 0x00000000c2900000| Complete 
|  10|0x00000000c2a00000, 0x00000000c2b00000, 0x00000000c2b00000|100%|HC|  |TAMS 0x00000000c2a00000, 0x00000000c2a00000| Complete 
|  11|0x00000000c2b00000, 0x00000000c2b00000, 0x00000000c2c00000|  0%| F|  |TAMS 0x00000000c2b00000, 0x00000000c2b00000| Untracked 
|  12|0x00000000c2c00000, 0x00000000c2c00000, 0x00000000c2d00000|  0%| F|  |TAMS 0x00000000c2c00000, 0x00000000c2c00000| Untracked 
|  13|0x00000000c2d00000, 0x00000000c2d00000, 0x00000000c2e00000|  0%| F|  |TAMS 0x00000000c2d00000, 0x00000000c2d00000| Untracked 
|  14|0x00000000c2e00000, 0x00000000c2e00000, 0x00000000c2f00000|  0%| F|  |TAMS 0x00000000c2e00000, 0x00000000c2e00000| Untracked 
|  15|0x00000000c2f00000, 0x00000000c2f00000, 0x00000000c3000000|  0%| F|  |TAMS 0x00000000c2f00000, 0x00000000c2f00000| Untracked 
|  16|0x00000000c3000000, 0x00000000c3000000, 0x00000000c3100000|  0%| F|  |TAMS 0x00000000c3000000, 0x00000000c3000000| Untracked 
|  17|0x00000000c3100000, 0x00000000c3100000, 0x00000000c3200000|  0%| F|  |TAMS 0x00000000c3100000, 0x00000000c3100000| Untracked 
|  18|0x00000000c3200000, 0x00000000c3200000, 0x00000000c3300000|  0%| F|  |TAMS 0x00000000c3200000, 0x00000000c3200000| Untracked 
|  19|0x00000000c3300000, 0x00000000c3300000, 0x00000000c3400000|  0%| F|  |TAMS 0x00000000c3300000, 0x00000000c3300000| Untracked 
|  20|0x00000000c3400000, 0x00000000c3400000, 0x00000000c3500000|  0%| F|  |TAMS 0x00000000c3400000, 0x00000000c3400000| Untracked 
|  21|0x00000000c3500000, 0x00000000c3500000, 0x00000000c3600000|  0%| F|  |TAMS 0x00000000c3500000, 0x00000000c3500000| Untracked 
|  22|0x00000000c3600000, 0x00000000c3600000, 0x00000000c3700000|  0%| F|  |TAMS 0x00000000c3600000, 0x00000000c3600000| Untracked 
|  23|0x00000000c3700000, 0x00000000c3800000, 0x00000000c3800000|100%| S|CS|TAMS 0x00000000c3700000, 0x00000000c3700000| Complete 
|  24|0x00000000c3800000, 0x00000000c3900000, 0x00000000c3900000|100%| S|CS|TAMS 0x00000000c3800000, 0x00000000c3800000| Complete 
|  25|0x00000000c3900000, 0x00000000c3a00000, 0x00000000c3a00000|100%| S|CS|TAMS 0x00000000c3900000, 0x00000000c3900000| Complete 
|  26|0x00000000c3a00000, 0x00000000c3a00000, 0x00000000c3b00000|  0%| F|  |TAMS 0x00000000c3a00000, 0x00000000c3a00000| Untracked 
|  27|0x00000000c3b00000, 0x00000000c3b00000, 0x00000000c3c00000|  0%| F|  |TAMS 0x00000000c3b00000, 0x00000000c3b00000| Untracked 
|  28|0x00000000c3c00000, 0x00000000c3c00000, 0x00000000c3d00000|  0%| F|  |TAMS 0x00000000c3c00000, 0x00000000c3c00000| Untracked 
|  29|0x00000000c3d00000, 0x00000000c3d00000, 0x00000000c3e00000|  0%| F|  |TAMS 0x00000000c3d00000, 0x00000000c3d00000| Untracked 
|  30|0x00000000c3e00000, 0x00000000c3e00000, 0x00000000c3f00000|  0%| F|  |TAMS 0x00000000c3e00000, 0x00000000c3e00000| Untracked 
|  31|0x00000000c3f00000, 0x00000000c3f00000, 0x00000000c4000000|  0%| F|  |TAMS 0x00000000c3f00000, 0x00000000c3f00000| Untracked 
|  32|0x00000000c4000000, 0x00000000c4000000, 0x00000000c4100000|  0%| F|  |TAMS 0x00000000c4000000, 0x00000000c4000000| Untracked 
|  33|0x00000000c4100000, 0x00000000c4100000, 0x00000000c4200000|  0%| F|  |TAMS 0x00000000c4100000, 0x00000000c4100000| Untracked 
|  34|0x00000000c4200000, 0x00000000c4200000, 0x00000000c4300000|  0%| F|  |TAMS 0x00000000c4200000, 0x00000000c4200000| Untracked 
|  35|0x00000000c4300000, 0x00000000c4300000, 0x00000000c4400000|  0%| F|  |TAMS 0x00000000c4300000, 0x00000000c4300000| Untracked 
|  36|0x00000000c4400000, 0x00000000c4400000, 0x00000000c4500000|  0%| F|  |TAMS 0x00000000c4400000, 0x00000000c4400000| Untracked 
|  37|0x00000000c4500000, 0x00000000c4500000, 0x00000000c4600000|  0%| F|  |TAMS 0x00000000c4500000, 0x00000000c4500000| Untracked 
|  38|0x00000000c4600000, 0x00000000c4600000, 0x00000000c4700000|  0%| F|  |TAMS 0x00000000c4600000, 0x00000000c4600000| Untracked 
|  39|0x00000000c4700000, 0x00000000c4700000, 0x00000000c4800000|  0%| F|  |TAMS 0x00000000c4700000, 0x00000000c4700000| Untracked 
|  40|0x00000000c4800000, 0x00000000c4800000, 0x00000000c4900000|  0%| F|  |TAMS 0x00000000c4800000, 0x00000000c4800000| Untracked 
|  41|0x00000000c4900000, 0x00000000c4900000, 0x00000000c4a00000|  0%| F|  |TAMS 0x00000000c4900000, 0x00000000c4900000| Untracked 
|  42|0x00000000c4a00000, 0x00000000c4a00000, 0x00000000c4b00000|  0%| F|  |TAMS 0x00000000c4a00000, 0x00000000c4a00000| Untracked 
|  43|0x00000000c4b00000, 0x00000000c4b00000, 0x00000000c4c00000|  0%| F|  |TAMS 0x00000000c4b00000, 0x00000000c4b00000| Untracked 
|  44|0x00000000c4c00000, 0x00000000c4c00000, 0x00000000c4d00000|  0%| F|  |TAMS 0x00000000c4c00000, 0x00000000c4c00000| Untracked 
|  45|0x00000000c4d00000, 0x00000000c4d00000, 0x00000000c4e00000|  0%| F|  |TAMS 0x00000000c4d00000, 0x00000000c4d00000| Untracked 
|  46|0x00000000c4e00000, 0x00000000c4e00000, 0x00000000c4f00000|  0%| F|  |TAMS 0x00000000c4e00000, 0x00000000c4e00000| Untracked 
|  47|0x00000000c4f00000, 0x00000000c4f00000, 0x00000000c5000000|  0%| F|  |TAMS 0x00000000c4f00000, 0x00000000c4f00000| Untracked 
|  48|0x00000000c5000000, 0x00000000c5000000, 0x00000000c5100000|  0%| F|  |TAMS 0x00000000c5000000, 0x00000000c5000000| Untracked 
|  49|0x00000000c5100000, 0x00000000c5100000, 0x00000000c5200000|  0%| F|  |TAMS 0x00000000c5100000, 0x00000000c5100000| Untracked 
|  50|0x00000000c5200000, 0x00000000c5200000, 0x00000000c5300000|  0%| F|  |TAMS 0x00000000c5200000, 0x00000000c5200000| Untracked 
|  51|0x00000000c5300000, 0x00000000c5300000, 0x00000000c5400000|  0%| F|  |TAMS 0x00000000c5300000, 0x00000000c5300000| Untracked 
|  52|0x00000000c5400000, 0x00000000c5400000, 0x00000000c5500000|  0%| F|  |TAMS 0x00000000c5400000, 0x00000000c5400000| Untracked 
|  53|0x00000000c5500000, 0x00000000c5500000, 0x00000000c5600000|  0%| F|  |TAMS 0x00000000c5500000, 0x00000000c5500000| Untracked 
|  54|0x00000000c5600000, 0x00000000c5600000, 0x00000000c5700000|  0%| F|  |TAMS 0x00000000c5600000, 0x00000000c5600000| Untracked 
|  55|0x00000000c5700000, 0x00000000c5700000, 0x00000000c5800000|  0%| F|  |TAMS 0x00000000c5700000, 0x00000000c5700000| Untracked 
|  56|0x00000000c5800000, 0x00000000c5800000, 0x00000000c5900000|  0%| F|  |TAMS 0x00000000c5800000, 0x00000000c5800000| Untracked 
|  57|0x00000000c5900000, 0x00000000c5900000, 0x00000000c5a00000|  0%| F|  |TAMS 0x00000000c5900000, 0x00000000c5900000| Untracked 
|  58|0x00000000c5a00000, 0x00000000c5b00000, 0x00000000c5b00000|100%| E|  |TAMS 0x00000000c5a00000, 0x00000000c5a00000| Complete 
|  59|0x00000000c5b00000, 0x00000000c5c00000, 0x00000000c5c00000|100%| E|CS|TAMS 0x00000000c5b00000, 0x00000000c5b00000| Complete 
|  60|0x00000000c5c00000, 0x00000000c5d00000, 0x00000000c5d00000|100%| E|CS|TAMS 0x00000000c5c00000, 0x00000000c5c00000| Complete 
|  61|0x00000000c5d00000, 0x00000000c5e00000, 0x00000000c5e00000|100%| E|CS|TAMS 0x00000000c5d00000, 0x00000000c5d00000| Complete 

Card table byte_map: [0x0000021b579a0000,0x0000021b57b90000] _byte_map_base: 0x0000021b57390000

Marking Bits (Prev, Next): (CMBitMap*) 0x0000021b4115d860, (CMBitMap*) 0x0000021b4115d828
 Prev Bits: [0x0000021b58d00000, 0x0000021b59c80000)
 Next Bits: [0x0000021b57d80000, 0x0000021b58d00000)

Polling page: 0x0000021b3f0e0000

Metaspace:

Usage:
  Non-class:     24.50 MB capacity,    23.93 MB ( 98%) used,   473.91 KB (  2%) free+waste,   103.50 KB ( <1%) overhead. 
      Class:      3.62 MB capacity,     3.22 MB ( 89%) used,   355.85 KB ( 10%) free+waste,    54.00 KB (  1%) overhead. 
       Both:     28.12 MB capacity,    27.15 MB ( 97%) used,   829.77 KB (  3%) free+waste,   157.50 KB ( <1%) overhead. 

Virtual space:
  Non-class space:       26.00 MB reserved,      24.70 MB ( 95%) committed 
      Class space:        1.00 GB reserved,       3.67 MB ( <1%) committed 
             Both:        1.03 GB reserved,      28.37 MB (  3%) committed 

Chunk freelists:
   Non-Class:  2.13 KB
       Class:  512 bytes
        Both:  2.63 KB

CodeHeap 'non-profiled nmethods': size=120064Kb used=906Kb max_used=906Kb free=119157Kb
 bounds [0x0000021b50270000, 0x0000021b504e0000, 0x0000021b577b0000]
CodeHeap 'profiled nmethods': size=120000Kb used=3861Kb max_used=3861Kb free=116138Kb
 bounds [0x0000021b48d40000, 0x0000021b49110000, 0x0000021b50270000]
CodeHeap 'non-nmethods': size=5696Kb used=1198Kb max_used=1222Kb free=4497Kb
 bounds [0x0000021b487b0000, 0x0000021b48a20000, 0x0000021b48d40000]
 total_blobs=2551 nmethods=2002 adapters=460
 compilation: enabled
              stopped_count=0, restarted_count=0
 full_count=0

Compilation events (10 events):
Event: 22.808 Thread 0x0000021b5c195800 nmethod 1999 0x0000021b50350510 code [0x0000021b503506c0, 0x0000021b503512d8]
Event: 22.808 Thread 0x0000021b5c195800 2000       4       jdk.internal.org.objectweb.asm.Type::getArgumentsAndReturnSizes (151 bytes)
Event: 22.829 Thread 0x0000021b5c195800 nmethod 2000 0x0000021b50351610 code [0x0000021b50351800, 0x0000021b50351dc0]
Event: 22.852 Thread 0x0000021b5c18b800 2004       3       java.lang.invoke.MemberName::equals (69 bytes)
Event: 22.853 Thread 0x0000021b5c18b800 nmethod 2004 0x0000021b49103f90 code [0x0000021b49104220, 0x0000021b49104f18]
Event: 22.858 Thread 0x0000021b5c195800 2005       4       java.util.concurrent.ConcurrentHashMap::addCount (289 bytes)
Event: 22.859 Thread 0x0000021b5c18b800 2006       3       com.google.common.base.Preconditions::checkNotNull (14 bytes)
Event: 22.859 Thread 0x0000021b5c18b800 nmethod 2006 0x0000021b49105290 code [0x0000021b49105440, 0x0000021b49105608]
Event: 22.863 Thread 0x0000021b5c195800 nmethod 2005 0x0000021b50352290 code [0x0000021b50352440, 0x0000021b50352688]
Event: 22.863 Thread 0x0000021b5c195800 2007       4       java.util.jar.JarFile::maybeInstantiateVerifier (112 bytes)

GC Heap History (8 events):
Event: 1.252 GC heap before
{Heap before GC invocations=0 (full 0):
 garbage-first heap   total 63488K, used 14336K [0x00000000c2000000, 0x0000000100000000)
  region size 1024K, 14 young (14336K), 0 survivors (0K)
 Metaspace       used 8696K, capacity 8872K, committed 9088K, reserved 1056768K
  class space    used 806K, capacity 870K, committed 896K, reserved 1048576K
}
Event: 1.257 GC heap after
{Heap after GC invocations=1 (full 0):
 garbage-first heap   total 63488K, used 3255K [0x00000000c2000000, 0x0000000100000000)
  region size 1024K, 2 young (2048K), 2 survivors (2048K)
 Metaspace       used 8696K, capacity 8872K, committed 9088K, reserved 1056768K
  class space    used 806K, capacity 870K, committed 896K, reserved 1048576K
}
Event: 6.183 GC heap before
{Heap before GC invocations=1 (full 0):
 garbage-first heap   total 63488K, used 39095K [0x00000000c2000000, 0x0000000100000000)
  region size 1024K, 37 young (37888K), 2 survivors (2048K)
 Metaspace       used 17837K, capacity 18522K, committed 18688K, reserved 1064960K
  class space    used 1969K, capacity 2250K, committed 2304K, reserved 1048576K
}
Event: 6.192 GC heap after
{Heap after GC invocations=2 (full 0):
 garbage-first heap   total 63488K, used 5530K [0x00000000c2000000, 0x0000000100000000)
  region size 1024K, 5 young (5120K), 5 survivors (5120K)
 Metaspace       used 17837K, capacity 18522K, committed 18688K, reserved 1064960K
  class space    used 1969K, capacity 2250K, committed 2304K, reserved 1048576K
}
Event: 8.893 GC heap before
{Heap before GC invocations=2 (full 0):
 garbage-first heap   total 63488K, used 15770K [0x00000000c2000000, 0x0000000100000000)
  region size 1024K, 16 young (16384K), 5 survivors (5120K)
 Metaspace       used 20540K, capacity 21189K, committed 21296K, reserved 1069056K
  class space    used 2269K, capacity 2562K, committed 2608K, reserved 1048576K
}
Event: 8.902 GC heap after
{Heap after GC invocations=3 (full 0):
 garbage-first heap   total 63488K, used 6906K [0x00000000c2000000, 0x0000000100000000)
  region size 1024K, 4 young (4096K), 4 survivors (4096K)
 Metaspace       used 20540K, capacity 21189K, committed 21296K, reserved 1069056K
  class space    used 2269K, capacity 2562K, committed 2608K, reserved 1048576K
}
Event: 10.885 GC heap before
{Heap before GC invocations=4 (full 0):
 garbage-first heap   total 63488K, used 39674K [0x00000000c2000000, 0x0000000100000000)
  region size 1024K, 36 young (36864K), 4 survivors (4096K)
 Metaspace       used 27075K, capacity 28006K, committed 28156K, reserved 1073152K
  class space    used 3189K, capacity 3574K, committed 3632K, reserved 1048576K
}
Event: 10.894 GC heap after
{Heap after GC invocations=5 (full 0):
 garbage-first heap   total 63488K, used 8334K [0x00000000c2000000, 0x0000000100000000)
  region size 1024K, 3 young (3072K), 3 survivors (3072K)
 Metaspace       used 27075K, capacity 28006K, committed 28156K, reserved 1073152K
  class space    used 3189K, capacity 3574K, committed 3632K, reserved 1048576K
}

Deoptimization events (10 events):
Event: 3.716 Thread 0x0000021b41130000 Uncommon trap: reason=unstable_if action=reinterpret pc=0x0000021b5029f678 method=java.lang.Integer.stringSize(I)I @ 19 c2
Event: 4.771 Thread 0x0000021b41130000 Uncommon trap: reason=unstable_if action=reinterpret pc=0x0000021b502a0784 method=java.util.jar.JarFile.getVersionedEntry(Ljava/lang/String;Ljava/util/jar/JarEntry;)Ljava/util/jar/JarEntry; @ 7 c2
Event: 4.891 Thread 0x0000021b41130000 Uncommon trap: reason=speculate_null_assert action=make_not_entrant pc=0x0000021b502e7bf8 method=jdk.internal.loader.URLClassPath$JarLoader.getResource(Ljava/lang/String;ZLjava/util/Set;)Ljdk/internal/loader/Resource; @ 17 c2
Event: 8.788 Thread 0x0000021b41130000 Uncommon trap: reason=intrinsic_or_type_checked_inlining action=make_not_entrant pc=0x0000021b503182d8 method=java.util.Arrays.copyOf([Ljava/lang/Object;ILjava/lang/Class;)[Ljava/lang/Object; @ 35 c2
Event: 9.260 Thread 0x0000021b41130000 Uncommon trap: reason=unstable_if action=reinterpret pc=0x0000021b502ecb28 method=java.lang.String.replace(CC)Ljava/lang/String; @ 2 c2
Event: 9.274 Thread 0x0000021b5cb05000 Uncommon trap: reason=unstable_if action=reinterpret pc=0x0000021b503142c8 method=java.lang.CharacterDataLatin1.digit(II)I @ 12 c2
Event: 9.854 Thread 0x0000021b41130000 Uncommon trap: reason=unstable_if action=reinterpret pc=0x0000021b502c5fe8 method=jdk.internal.org.objectweb.asm.Type.getArgumentsAndReturnSizes(Ljava/lang/String;)I @ 41 c2
Event: 9.855 Thread 0x0000021b41130000 Uncommon trap: reason=unstable_if action=reinterpret pc=0x0000021b502d9e18 method=jdk.internal.org.objectweb.asm.Frame.push(Ljdk/internal/org/objectweb/asm/ClassWriter;Ljava/lang/String;)V @ 24 c2
Event: 10.004 Thread 0x0000021b41130000 Uncommon trap: reason=unstable_if action=reinterpret pc=0x0000021b5030546c method=java.util.concurrent.ConcurrentHashMap.putVal(Ljava/lang/Object;Ljava/lang/Object;Z)Ljava/lang/Object; @ 256 c2
Event: 10.121 Thread 0x0000021b41130000 Uncommon trap: reason=unstable_if action=reinterpret pc=0x0000021b50313f44 method=java.lang.CharacterDataLatin1.digit(II)I @ 12 c2

Classes redefined (0 events):
No events

Internal exceptions (10 events):
Event: 9.287 Thread 0x0000021b5cb0a800 Exception <a 'java/lang/NoSuchMethodError'{0x00000000c4d22d30}: java.lang.invoke.DirectMethodHandle$Holder.invokeSpecial(Ljava/lang/Object;Ljava/lang/Object;J)Ljava/lang/Object;> (0x00000000c4d22d30) thrown at [./open/src/hotspot/share/interpreter/linkRes
Event: 9.291 Thread 0x0000021b5cb0a800 Exception <a 'java/lang/NoSuchMethodError'{0x00000000c4d2d550}: java.lang.invoke.DirectMethodHandle$Holder.invokeStaticInit(Ljava/lang/Object;Ljava/lang/Object;JLjava/lang/Object;)Ljava/lang/Object;> (0x00000000c4d2d550) thrown at [./open/src/hotspot/shar
Event: 9.854 Thread 0x0000021b41130000 Exception <a 'java/lang/NoSuchMethodError'{0x00000000c4c8a410}: java.lang.invoke.DirectMethodHandle$Holder.invokeVirtual(Ljava/lang/Object;Ljava/lang/Object;)D> (0x00000000c4c8a410) thrown at [./open/src/hotspot/share/interpreter/linkResolver.cpp, line 77
Event: 9.857 Thread 0x0000021b41130000 Exception <a 'java/lang/NoSuchMethodError'{0x00000000c4c90478}: java.lang.invoke.DirectMethodHandle$Holder.invokeVirtual(Ljava/lang/Object;Ljava/lang/Object;)F> (0x00000000c4c90478) thrown at [./open/src/hotspot/share/interpreter/linkResolver.cpp, line 77
Event: 9.859 Thread 0x0000021b41130000 Exception <a 'java/lang/NoSuchMethodError'{0x00000000c4c98910}: java.lang.invoke.DirectMethodHandle$Holder.invokeVirtual(Ljava/lang/Object;Ljava/lang/Object;)J> (0x00000000c4c98910) thrown at [./open/src/hotspot/share/interpreter/linkResolver.cpp, line 77
Event: 9.872 Thread 0x0000021b41130000 Exception <a 'java/lang/NoSuchMethodError'{0x00000000c4cd2720}: java.lang.invoke.DirectMethodHandle$Holder.invokeVirtual(Ljava/lang/Object;Ljava/lang/Object;Ljava/lang/Object;)Ljava/lang/Object;> (0x00000000c4cd2720) thrown at [./open/src/hotspot/share/in
Event: 9.908 Thread 0x0000021b41130000 Exception <a 'java/lang/NoSuchMethodError'{0x00000000c4a03510}: java.lang.invoke.DirectMethodHandle$Holder.invokeSpecial(Ljava/lang/Object;Ljava/lang/Object;Ljava/lang/Object;Ljava/lang/Object;Ljava/lang/Object;)V> (0x00000000c4a03510) thrown at [./open/s
Event: 9.911 Thread 0x0000021b41130000 Exception <a 'java/lang/NoSuchMethodError'{0x00000000c4a09fd8}: java.lang.invoke.DirectMethodHandle$Holder.invokeStatic(Ljava/lang/Object;Ljava/lang/Object;I)V> (0x00000000c4a09fd8) thrown at [./open/src/hotspot/share/interpreter/linkResolver.cpp, line 77
Event: 9.981 Thread 0x0000021b41130000 Exception <a 'java/lang/NoSuchMethodError'{0x00000000c4864e80}: java.lang.invoke.DirectMethodHandle$Holder.invokeSpecialIFC(Ljava/lang/Object;Ljava/lang/Object;Ljava/lang/Object;)I> (0x00000000c4864e80) thrown at [./open/src/hotspot/share/interpreter/link
Event: 10.126 Thread 0x0000021b41130000 Exception <a 'java/lang/NoSuchMethodError'{0x00000000c4290460}: java.lang.invoke.DirectMethodHandle$Holder.invokeSpecial(Ljava/lang/Object;Ljava/lang/Object;Ljava/lang/Object;Ljava/lang/Object;Ljava/lang/Object;Ljava/lang/Object;)V> (0x00000000c4290460) t

Events (10 events):
Event: 22.868 loading class com/google/common/collect/SortedMultisetBridge
Event: 22.868 loading class com/google/common/collect/SortedMultisetBridge done
Event: 22.869 loading class com/google/common/collect/Iterables
Event: 22.869 loading class com/google/common/collect/Iterables done
Event: 22.871 loading class com/google/common/collect/Count
Event: 22.871 loading class com/google/common/collect/Count done
Event: 22.872 loading class com/google/common/collect/AbstractMultiset$EntrySet
Event: 22.872 loading class com/google/common/collect/AbstractMultiset$EntrySet done
Event: 22.872 loading class com/google/common/collect/Multisets$EntrySet
Event: 22.872 loading class com/google/common/collect/Multisets$EntrySet done


Dynamic libraries:
0x00007ff64d650000 - 0x00007ff64d65f000 	C:\Program Files\Java\jdk-11.0.14\bin\javaw.exe
0x00007ffb88110000 - 0x00007ffb88308000 	C:\Windows\SYSTEM32\ntdll.dll
0x00007ffb866e0000 - 0x00007ffb8679d000 	C:\Windows\System32\KERNEL32.DLL
0x00007ffb85cf0000 - 0x00007ffb85fbe000 	C:\Windows\System32\KERNELBASE.dll
0x00007ffb859f0000 - 0x00007ffb85af0000 	C:\Windows\System32\ucrtbase.dll
0x00007ffb6ced0000 - 0x00007ffb6cee8000 	C:\Program Files\Java\jdk-11.0.14\bin\jli.dll
0x00007ffb86170000 - 0x00007ffb8621e000 	C:\Windows\System32\ADVAPI32.dll
0x00007ffb87e90000 - 0x00007ffb87f2e000 	C:\Windows\System32\msvcrt.dll
0x00007ffb86220000 - 0x00007ffb862bc000 	C:\Windows\System32\sechost.dll
0x00007ffb87f30000 - 0x00007ffb88055000 	C:\Windows\System32\RPCRT4.dll
0x00007ffb86340000 - 0x00007ffb864e0000 	C:\Windows\System32\USER32.dll
0x00007ffb859c0000 - 0x00007ffb859e2000 	C:\Windows\System32\win32u.dll
0x00007ffb87220000 - 0x00007ffb8724a000 	C:\Windows\System32\GDI32.dll
0x00007ffb86060000 - 0x00007ffb8616b000 	C:\Windows\System32\gdi32full.dll
0x00007ffb85fc0000 - 0x00007ffb8605d000 	C:\Windows\System32\msvcp_win.dll
0x00007ffb4d660000 - 0x00007ffb4d675000 	C:\Program Files\Java\jdk-11.0.14\bin\VCRUNTIME140.dll
0x00007ffb73ce0000 - 0x00007ffb73f7a000 	C:\Windows\WinSxS\amd64_microsoft.windows.common-controls_6595b64144ccf1df_6.0.19041.1110_none_60b5254171f9507e\COMCTL32.dll
0x00007ffb7ec60000 - 0x00007ffb7ec6a000 	C:\Windows\SYSTEM32\VERSION.dll
0x00007ffb868b0000 - 0x00007ffb868e0000 	C:\Windows\System32\IMM32.DLL
0x00007ffb4cc10000 - 0x00007ffb4ccab000 	C:\Program Files\Java\jdk-11.0.14\bin\msvcp140.dll
0x00007ffb49ed0000 - 0x00007ffb4a9e6000 	C:\Program Files\Java\jdk-11.0.14\bin\server\jvm.dll
0x00007ffb865b0000 - 0x00007ffb865b8000 	C:\Windows\System32\PSAPI.DLL
0x00007ffb70b90000 - 0x00007ffb70b99000 	C:\Windows\SYSTEM32\WSOCK32.dll
0x00007ffb869f0000 - 0x00007ffb86a5b000 	C:\Windows\System32\WS2_32.dll
0x00007ffb6ecf0000 - 0x00007ffb6ed17000 	C:\Windows\SYSTEM32\WINMM.dll
0x00007ffb83730000 - 0x00007ffb83742000 	C:\Windows\SYSTEM32\kernel.appcore.dll
0x00007ffb6c590000 - 0x00007ffb6c5a0000 	C:\Program Files\Java\jdk-11.0.14\bin\verify.dll
0x00007ffb71f90000 - 0x00007ffb72174000 	C:\Windows\SYSTEM32\DBGHELP.DLL
0x00007ffb71f10000 - 0x00007ffb71f3c000 	C:\Windows\SYSTEM32\dbgcore.DLL
0x00007ffb85930000 - 0x00007ffb859b2000 	C:\Windows\System32\bcryptPrimitives.dll
0x00007ffb49ea0000 - 0x00007ffb49ec8000 	C:\Program Files\Java\jdk-11.0.14\bin\java.dll
0x00007ffb6c4d0000 - 0x00007ffb6c4da000 	C:\Program Files\Java\jdk-11.0.14\bin\jimage.dll
0x00007ffb49e80000 - 0x00007ffb49e96000 	C:\Program Files\Java\jdk-11.0.14\bin\zip.dll
0x00007ffb86ad0000 - 0x00007ffb87214000 	C:\Windows\System32\SHELL32.dll
0x00007ffb83930000 - 0x00007ffb840c4000 	C:\Windows\SYSTEM32\windows.storage.dll
0x00007ffb87380000 - 0x00007ffb876d4000 	C:\Windows\System32\combase.dll
0x00007ffb851c0000 - 0x00007ffb851f0000 	C:\Windows\SYSTEM32\Wldp.dll
0x00007ffb868e0000 - 0x00007ffb8698d000 	C:\Windows\System32\SHCORE.dll
0x00007ffb86990000 - 0x00007ffb869e5000 	C:\Windows\System32\shlwapi.dll
0x00007ffb85770000 - 0x00007ffb8578f000 	C:\Windows\SYSTEM32\profapi.dll
0x00007ffb49e60000 - 0x00007ffb49e79000 	C:\Program Files\Java\jdk-11.0.14\bin\net.dll
0x00007ffb75570000 - 0x00007ffb7567a000 	C:\Windows\SYSTEM32\WINHTTP.dll
0x00007ffb84f20000 - 0x00007ffb84f8a000 	C:\Windows\system32\mswsock.dll
0x00007ffb49e40000 - 0x00007ffb49e52000 	C:\Program Files\Java\jdk-11.0.14\bin\nio.dll
0x00007ffb84c50000 - 0x00007ffb84d1a000 	C:\Windows\SYSTEM32\DNSAPI.dll
0x00007ffb84c10000 - 0x00007ffb84c4b000 	C:\Windows\SYSTEM32\IPHLPAPI.DLL
0x00007ffb88060000 - 0x00007ffb88068000 	C:\Windows\System32\NSI.dll
0x00007ffb752e0000 - 0x00007ffb752ea000 	C:\Windows\System32\rasadhlp.dll
0x00007ffb75490000 - 0x00007ffb75510000 	C:\Windows\System32\fwpuclnt.dll
0x00007ffb85b60000 - 0x00007ffb85b87000 	C:\Windows\System32\bcrypt.dll
0x00007ffb85110000 - 0x00007ffb85128000 	C:\Windows\SYSTEM32\CRYPTSP.dll
0x00007ffb848a0000 - 0x00007ffb848d4000 	C:\Windows\system32\rsaenh.dll
0x00007ffb85730000 - 0x00007ffb8575e000 	C:\Windows\SYSTEM32\USERENV.dll
0x00007ffb85130000 - 0x00007ffb8513c000 	C:\Windows\SYSTEM32\CRYPTBASE.dll
0x00007ffb79ea0000 - 0x00007ffb79eb7000 	C:\Windows\SYSTEM32\dhcpcsvc6.DLL
0x00007ffb7e360000 - 0x00007ffb7e37d000 	C:\Windows\SYSTEM32\dhcpcsvc.DLL
0x00007ffb79f40000 - 0x00007ffb79f49000 	C:\Program Files\Java\jdk-11.0.14\bin\management.dll
0x00007ffb79f30000 - 0x00007ffb79f3b000 	C:\Program Files\Java\jdk-11.0.14\bin\management_ext.dll
0x00007ffb732f0000 - 0x00007ffb732fd000 	C:\Program Files\Java\jdk-11.0.14\bin\sunmscapi.dll
0x00007ffb85b90000 - 0x00007ffb85ce6000 	C:\Windows\System32\CRYPT32.dll
0x00007ffb85230000 - 0x00007ffb85257000 	C:\Windows\SYSTEM32\ncrypt.dll
0x00007ffb851f0000 - 0x00007ffb8522b000 	C:\Windows\SYSTEM32\NTASN1.dll
0x00007ffb63f40000 - 0x00007ffb63f65000 	C:\Program Files\Java\jdk-11.0.14\bin\sunec.dll
0x00007ffb72da0000 - 0x00007ffb72db7000 	C:\Windows\system32\napinsp.dll
0x00007ffb72d80000 - 0x00007ffb72d9b000 	C:\Windows\system32\pnrpnsp.dll
0x00007ffb807a0000 - 0x00007ffb807b5000 	C:\Windows\system32\wshbth.dll
0x00007ffb81270000 - 0x00007ffb8128d000 	C:\Windows\system32\NLAapi.dll
0x00007ffb6ff20000 - 0x00007ffb6ff32000 	C:\Windows\System32\winrnr.dll

dbghelp: loaded successfully - version: 4.0.5 - missing functions: none
symbol engine: initialized successfully - sym options: 0x614 - pdb path: .;C:\Program Files\Java\jdk-11.0.14\bin;C:\Windows\SYSTEM32;C:\Windows\WinSxS\amd64_microsoft.windows.common-controls_6595b64144ccf1df_6.0.19041.1110_none_60b5254171f9507e;C:\Program Files\Java\jdk-11.0.14\bin\server

VM Arguments:
jvm_args: -ea -Dfile.encoding=Cp1252 
java_command: org.testng.remote.RemoteTestNG -serport 65095 -protocol json -d D:\MiniProject\test-output C:\Users\Anas\AppData\Local\Temp\testng-eclipse-871285287\testng-customsuite.xml
java_class_path (initial): C:\Users\Anas\eclipse\jee-2022-03\eclipse\configuration\org.eclipse.osgi\952\0\.cp\lib\testng-remote.jar;D:\MiniProject\target\test-classes;D:\MiniProject\target\classes;C:\Users\Anas\.m2\repository\org\seleniumhq\selenium\selenium-java\4.4.0\selenium-java-4.4.0.jar;C:\Users\Anas\.m2\repository\org\seleniumhq\selenium\selenium-api\4.4.0\selenium-api-4.4.0.jar;C:\Users\Anas\.m2\repository\org\seleniumhq\selenium\selenium-chrome-driver\4.4.0\selenium-chrome-driver-4.4.0.jar;C:\Users\Anas\.m2\repository\com\google\auto\service\auto-service-annotations\1.0.1\auto-service-annotations-1.0.1.jar;C:\Users\Anas\.m2\repository\com\google\auto\service\auto-service\1.0.1\auto-service-1.0.1.jar;C:\Users\Anas\.m2\repository\com\google\auto\auto-common\1.2\auto-common-1.2.jar;C:\Users\Anas\.m2\repository\com\google\guava\guava\31.1-jre\guava-31.1-jre.jar;C:\Users\Anas\.m2\repository\com\google\guava\failureaccess\1.0.1\failureaccess-1.0.1.jar;C:\Users\Anas\.m2\repository\com\google\guava\listenablefuture\9999.0-empty-to-avoid-conflict-with-guava\listenablefuture-9999.0-empty-to-avoid-conflict-with-guava.jar;C:\Users\Anas\.m2\repository\org\checkerframework\checker-qual\3.12.0\checker-qual-3.12.0.jar;C:\Users\Anas\.m2\repository\com\google\errorprone\error_prone_annotations\2.11.0\error_prone_annotations-2.11.0.jar;C:\Users\Anas\.m2\repository\com\google\j2objc\j2objc-annotations\1.3\j2objc-annotations-1.3.jar;C:\Users\Anas\.m2\repository\org\seleniumhq\selenium\selenium-chromium-driver\4.4.0\selenium-chromium-driver-4.4.0.jar;C:\Users\Anas\.m2\repository\org\seleniumhq\selenium\selenium-json\4.4.0\selenium-json-4.4.0.jar;C:\Users\Anas\.m2\repository\org\seleniumhq\selenium\selenium-devtools-v102\4.4.0\selenium-devtools-v102-4.4.0.jar;C:\Users\Anas\.m2\repository\org\seleniumhq\selenium\selenium-devtools-v103\4.4.0\selenium-devtools-v103-4.4.0.jar;C:\Users\Anas\.m2\repository\org\seleniumhq\selenium\selenium-devtools-v104\4.4.0\selenium-devtools-v104-4.
Launcher Type: SUN_STANDARD

[Global flags]
     intx CICompilerCount                          = 3                                         {product} {ergonomic}
     uint ConcGCThreads                            = 1                                         {product} {ergonomic}
     uint G1ConcRefinementThreads                  = 4                                         {product} {ergonomic}
   size_t G1HeapRegionSize                         = 1048576                                   {product} {ergonomic}
    uintx GCDrainStackTargetSize                   = 64                                        {product} {ergonomic}
   size_t InitialHeapSize                          = 65011712                                  {product} {ergonomic}
   size_t MarkStackSize                            = 4194304                                   {product} {ergonomic}
   size_t MaxHeapSize                              = 1040187392                                {product} {ergonomic}
   size_t MaxNewSize                               = 623902720                                 {product} {ergonomic}
   size_t MinHeapDeltaBytes                        = 1048576                                   {product} {ergonomic}
    uintx NonNMethodCodeHeapSize                   = 5830732                                {pd product} {ergonomic}
    uintx NonProfiledCodeHeapSize                  = 122913754                              {pd product} {ergonomic}
    uintx ProfiledCodeHeapSize                     = 122913754                              {pd product} {ergonomic}
    uintx ReservedCodeCacheSize                    = 251658240                              {pd product} {ergonomic}
     bool SegmentedCodeCache                       = true                                      {product} {ergonomic}
     bool UseCompressedClassPointers               = true                                 {lp64_product} {ergonomic}
     bool UseCompressedOops                        = true                                 {lp64_product} {ergonomic}
     bool UseG1GC                                  = true                                      {product} {ergonomic}
     bool UseLargePagesIndividualAllocation        = false                                  {pd product} {ergonomic}

Logging:
Log output configuration:
 #0: stdout all=warning uptime,level,tags
 #1: stderr all=off uptime,level,tags

Environment Variables:
PATH=C:\Program Files\Common Files\Oracle\Java\javapath;C:\Windows\system32;C:\Windows;C:\Windows\System32\Wbem;C:\Windows\System32\WindowsPowerShell\v1.0\;C:\Windows\System32\OpenSSH\;D:\Git\cmd;C:\Users\Anas\AppData\Local\Microsoft\WindowsApps;
USERNAME=Anas
OS=Windows_NT
PROCESSOR_IDENTIFIER=Intel64 Family 6 Model 78 Stepping 3, GenuineIntel



---------------  S Y S T E M  ---------------

OS: Windows 10 , 64 bit Build 19041 (10.0.19041.1889)

CPU:total 4 (initial active 4) (2 cores per cpu, 2 threads per core) family 6 model 78 stepping 3 microcode 0xe2, cmov, cx8, fxsr, mmx, sse, sse2, sse3, ssse3, sse4.1, sse4.2, popcnt, avx, avx2, aes, clmul, erms, 3dnowpref, lzcnt, ht, tsc, tscinvbit, bmi1, bmi2, adx, fma

Memory: 4k page, system-wide physical 3962M (101M free)
TotalPageFile size 16250M (AvailPageFile size 2M)
current process WorkingSet (physical memory assigned to process): 128M, peak: 128M
current process commit charge ("private bytes"): 171M, peak: 178M

vm_info: Java HotSpot(TM) 64-Bit Server VM (11.0.14+8-LTS-263) for windows-amd64 JRE (11.0.14+8-LTS-263), built on Dec  7 2021 21:53:57 by "mach5one" with MS VC++ 15.9 (VS2017)

END.
